<?xml version="1.0" encoding="UTF-8" standalone="yes"?><!DOCTYPE report PUBLIC "-//JACOCO//DTD Report 1.1//EN" "report.dtd"><report name="MediLabo_assessment"><sessioninfo id="DESKTOP-QPVR6SF-a25c4abc" start="1716484300711" dump="1716484317632"/><sessioninfo id="DESKTOP-QPVR6SF-b178c73c" start="1716485792421" dump="1716485802638"/><sessioninfo id="DESKTOP-QPVR6SF-c370458b" start="1716485916872" dump="1716485926915"/><sessioninfo id="DESKTOP-QPVR6SF-648c09ff" start="1716485928238" dump="1716485938089"/><package name="com/lfumard/medilabo_assessment/proxies"><class name="com/lfumard/medilabo_assessment/proxies/NoteProxy" sourcefilename="NoteProxy.java"/><class name="com/lfumard/medilabo_assessment/proxies/PatientProxy" sourcefilename="PatientProxy.java"/><sourcefile name="PatientProxy.java"/><sourcefile name="NoteProxy.java"/></package><package name="com/lfumard/medilabo_assessment"><class name="com/lfumard/medilabo_assessment/MedilaboAssessmentApplication" sourcefilename="MedilaboAssessmentApplication.java"><method name="&lt;init&gt;" desc="()V" line="9"><counter type="INSTRUCTION" missed="0" covered="3"/><counter type="LINE" missed="0" covered="1"/><counter type="COMPLEXITY" missed="0" covered="1"/><counter type="METHOD" missed="0" covered="1"/></method><method name="main" desc="([Ljava/lang/String;)V" line="13"><counter type="INSTRUCTION" missed="5" covered="0"/><counter type="LINE" missed="2" covered="0"/><counter type="COMPLEXITY" missed="1" covered="0"/><counter type="METHOD" missed="1" covered="0"/></method><counter type="INSTRUCTION" missed="5" covered="3"/><counter type="LINE" missed="2" covered="1"/><counter type="COMPLEXITY" missed="1" covered="1"/><counter type="METHOD" missed="1" covered="1"/><counter type="CLASS" missed="0" covered="1"/></class><sourcefile name="MedilaboAssessmentApplication.java"><line nr="9" mi="0" ci="3" mb="0" cb="0"/><line nr="13" mi="4" ci="0" mb="0" cb="0"/><line nr="14" mi="1" ci="0" mb="0" cb="0"/><counter type="INSTRUCTION" missed="5" covered="3"/><counter type="LINE" missed="2" covered="1"/><counter type="COMPLEXITY" missed="1" covered="1"/><counter type="METHOD" missed="1" covered="1"/><counter type="CLASS" missed="0" covered="1"/></sourcefile><counter type="INSTRUCTION" missed="5" covered="3"/><counter type="LINE" missed="2" covered="1"/><counter type="COMPLEXITY" missed="1" covered="1"/><counter type="METHOD" missed="1" covered="1"/><counter type="CLASS" missed="0" covered="1"/></package><package name="com/lfumard/medilabo_assessment/service"><class name="com/lfumard/medilabo_assessment/service/AssessmentService" sourcefilename="AssessmentService.java"><method name="&lt;init&gt;" desc="(Lcom/lfumard/medilabo_assessment/proxies/NoteProxy;Lcom/lfumard/medilabo_assessment/proxies/PatientProxy;)V" line="27"><counter type="INSTRUCTION" missed="0" covered="14"/><counter type="LINE" missed="0" covered="5"/><counter type="COMPLEXITY" missed="0" covered="1"/><counter type="METHOD" missed="0" covered="1"/></method><method name="getAssessmentByPatientId" desc="(Ljava/lang/Long;Ljava/lang/String;)Ljava/lang/String;" line="35"><counter type="INSTRUCTION" missed="0" covered="33"/><counter type="LINE" missed="0" covered="7"/><counter type="COMPLEXITY" missed="0" covered="1"/><counter type="METHOD" missed="0" covered="1"/></method><method name="defineLevelRisk" desc="(IILjava/lang/String;)Ljava/lang/String;" line="49"><counter type="INSTRUCTION" missed="0" covered="78"/><counter type="BRANCH" missed="2" covered="40"/><counter type="LINE" missed="0" covered="10"/><counter type="COMPLEXITY" missed="2" covered="20"/><counter type="METHOD" missed="0" covered="1"/></method><method name="getAge" desc="(Ljava/time/LocalDate;)Ljava/lang/Integer;" line="67"><counter type="INSTRUCTION" missed="0" covered="8"/><counter type="LINE" missed="0" covered="2"/><counter type="COMPLEXITY" missed="0" covered="1"/><counter type="METHOD" missed="0" covered="1"/></method><method name="countNumberOfTrigger" desc="(Ljava/util/List;)I" line="73"><counter type="INSTRUCTION" missed="0" covered="50"/><counter type="BRANCH" missed="0" covered="6"/><counter type="LINE" missed="0" covered="6"/><counter type="COMPLEXITY" missed="0" covered="4"/><counter type="METHOD" missed="0" covered="1"/></method><counter type="INSTRUCTION" missed="0" covered="183"/><counter type="BRANCH" missed="2" covered="46"/><counter type="LINE" missed="0" covered="30"/><counter type="COMPLEXITY" missed="2" covered="27"/><counter type="METHOD" missed="0" covered="5"/><counter type="CLASS" missed="0" covered="1"/></class><sourcefile name="AssessmentService.java"><line nr="27" mi="0" ci="2" mb="0" cb="0"/><line nr="28" mi="0" ci="3" mb="0" cb="0"/><line nr="29" mi="0" ci="3" mb="0" cb="0"/><line nr="30" mi="0" ci="5" mb="0" cb="0"/><line nr="31" mi="0" ci="1" mb="0" cb="0"/><line nr="35" mi="0" ci="6" mb="0" cb="0"/><line nr="36" mi="0" ci="6" mb="0" cb="0"/><line nr="38" mi="0" ci="4" mb="0" cb="0"/><line nr="39" mi="0" ci="6" mb="0" cb="0"/><line nr="41" mi="0" ci="2" mb="0" cb="0"/><line nr="42" mi="0" ci="7" mb="0" cb="0"/><line nr="44" mi="0" ci="2" mb="0" cb="0"/><line nr="49" mi="0" ci="2" mb="0" cb="0"/><line nr="51" mi="0" ci="4" mb="0" cb="2"/><line nr="52" mi="0" ci="11" mb="0" cb="6"/><line nr="53" mi="0" ci="12" mb="0" cb="6"/><line nr="54" mi="0" ci="17" mb="1" cb="11"/><line nr="56" mi="0" ci="2" mb="0" cb="0"/><line nr="57" mi="0" ci="12" mb="0" cb="6"/><line nr="58" mi="0" ci="14" mb="1" cb="9"/><line nr="60" mi="0" ci="2" mb="0" cb="0"/><line nr="62" mi="0" ci="2" mb="0" cb="0"/><line nr="67" mi="0" ci="4" mb="0" cb="0"/><line nr="68" mi="0" ci="4" mb="0" cb="0"/><line nr="73" mi="0" ci="4" mb="0" cb="0"/><line nr="75" mi="0" ci="10" mb="0" cb="2"/><line nr="76" mi="0" ci="11" mb="0" cb="2"/><line nr="77" mi="0" ci="12" mb="0" cb="2"/><line nr="78" mi="0" ci="10" mb="0" cb="0"/><line nr="80" mi="0" ci="3" mb="0" cb="0"/><counter type="INSTRUCTION" missed="0" covered="183"/><counter type="BRANCH" missed="2" covered="46"/><counter type="LINE" missed="0" covered="30"/><counter type="COMPLEXITY" missed="2" covered="27"/><counter type="METHOD" missed="0" covered="5"/><counter type="CLASS" missed="0" covered="1"/></sourcefile><counter type="INSTRUCTION" missed="0" covered="183"/><counter type="BRANCH" missed="2" covered="46"/><counter type="LINE" missed="0" covered="30"/><counter type="COMPLEXITY" missed="2" covered="27"/><counter type="METHOD" missed="0" covered="5"/><counter type="CLASS" missed="0" covered="1"/></package><package name="com/lfumard/medilabo_assessment/controller"><class name="com/lfumard/medilabo_assessment/controller/AssessmentController" sourcefilename="AssessmentController.java"><method name="&lt;init&gt;" desc="()V" line="11"><counter type="INSTRUCTION" missed="0" covered="7"/><counter type="LINE" missed="0" covered="2"/><counter type="COMPLEXITY" missed="0" covered="1"/><counter type="METHOD" missed="0" covered="1"/></method><method name="getAssessmentByPatientId" desc="(Ljava/lang/Long;Ljava/lang/String;Ljava/lang/String;Ljakarta/servlet/http/HttpServletRequest;)Ljava/lang/String;" line="21"><counter type="INSTRUCTION" missed="0" covered="11"/><counter type="LINE" missed="0" covered="2"/><counter type="COMPLEXITY" missed="0" covered="1"/><counter type="METHOD" missed="0" covered="1"/></method><counter type="INSTRUCTION" missed="0" covered="18"/><counter type="LINE" missed="0" covered="4"/><counter type="COMPLEXITY" missed="0" covered="2"/><counter type="METHOD" missed="0" covered="2"/><counter type="CLASS" missed="0" covered="1"/></class><sourcefile name="AssessmentController.java"><line nr="11" mi="0" ci="2" mb="0" cb="0"/><line nr="13" mi="0" ci="5" mb="0" cb="0"/><line nr="21" mi="0" ci="5" mb="0" cb="0"/><line nr="22" mi="0" ci="6" mb="0" cb="0"/><counter type="INSTRUCTION" missed="0" covered="18"/><counter type="LINE" missed="0" covered="4"/><counter type="COMPLEXITY" missed="0" covered="2"/><counter type="METHOD" missed="0" covered="2"/><counter type="CLASS" missed="0" covered="1"/></sourcefile><counter type="INSTRUCTION" missed="0" covered="18"/><counter type="LINE" missed="0" covered="4"/><counter type="COMPLEXITY" missed="0" covered="2"/><counter type="METHOD" missed="0" covered="2"/><counter type="CLASS" missed="0" covered="1"/></package><counter type="INSTRUCTION" missed="5" covered="204"/><counter type="BRANCH" missed="2" covered="46"/><counter type="LINE" missed="2" covered="35"/><counter type="COMPLEXITY" missed="3" covered="30"/><counter type="METHOD" missed="1" covered="8"/><counter type="CLASS" missed="0" covered="3"/></report>