<?xml version="1.0" encoding="UTF-8"?>
<testsuite xmlns:xsi="http://www.w3.org/2001/XMLSchema-instance" xsi:noNamespaceSchemaLocation="https://maven.apache.org/surefire/maven-surefire-plugin/xsd/surefire-test-report-3.0.xsd" version="3.0" name="com.lfumard.medilabo_assessment.service.AssessmentServiceTest" time="0.591" tests="8" errors="0" skipped="0" failures="0">
  <properties>
[...]
</properties>
  <testcase name="getAssessmentByPatientId_return_Borderline" classname="com.lfumard.medilabo_assessment.service.AssessmentServiceTest" time="0.54"/>
  <testcase name="getAssessmentByPatientIdYoungM_return_Early_Onset" classname="com.lfumard.medilabo_assessment.service.AssessmentServiceTest" time="0.007"/>
  <testcase name="getAssessmentByPatientIdYoungF_return_In_Danger" classname="com.lfumard.medilabo_assessment.service.AssessmentServiceTest" time="0.004"/>
  <testcase name="getAssessmentByPatientIdOld_return_In_Danger" classname="com.lfumard.medilabo_assessment.service.AssessmentServiceTest" time="0.004"/>
  <testcase name="getAssessmentByPatientIdOld_return_Early_Onset" classname="com.lfumard.medilabo_assessment.service.AssessmentServiceTest" time="0.005"/>
  <testcase name="getAssessmentByPatientIdYoungM_return_In_Danger" classname="com.lfumard.medilabo_assessment.service.AssessmentServiceTest" time="0.004"/>
  <testcase name="getAssessmentByPatientIdYoungF_return_Early_Onset" classname="com.lfumard.medilabo_assessment.service.AssessmentServiceTest" time="0.004"/>
  <testcase name="getAssessmentByPatientId_return_None" classname="com.lfumard.medilabo_assessment.service.AssessmentServiceTest" time="0.006"/>
</testsuite>